<?xml version="1.0" encoding="UTF-8"?><testsuite errors="0" failures="0" name="traductor de google" skipped="4" tests="8" time="58.45" timestamp="2021-07-14 09:01:54"><testcase name="traducir de ingles a español escenario exitoso"><skipped/></testcase><testcase name="traducir de español a ingles escenario exitoso"/><testcase name="traducir de español al frances escenario exitoso"/><testcase name="traducir de español al español escenario alterno"/><testcase name="traducir de ingles al ingles escenario alterno"/><testcase name="traducir de espaniol a portugues escenario alterno"><skipped/></testcase><testcase name="traducir de espaniol a noruego escenario alterno"><skipped/></testcase><testcase name="traducir del portugues al ingles  escenario alterno"><skipped/></testcase></testsuite>